### Custom WaveView ADV log file, revision V-2023.12-SP1 (build Mar 01, ) ###
### created at 02:41:45 on Fri Nov 14 2025 (Linux AMD64) ###
### Host Name: vlsi_super_server3   User ID: de016   PID: 34988   ###
wv_start_log
# (0) running in waveview only mode
# (0) SW_SX_PERL_LIB defined
# (0) SW_SX_TCL_LIB defined
# (0) HOME defined
sx_open_sim_file_read {nand4.tr0}
wv_expand_tree_item {Custom WaveView} {} {hierview} {D0:nand4.tr0(0)} {+sep=@}
wv_select_tree_item {Custom WaveView} {} {hierview} {D0:nand4.tr0(0)@toplevel(0)} {0} {+sep=@}
wv_select_list_item {Custom WaveView} {} {sigview} {k} 10
wv_dclick_list_item {Custom WaveView} {} {sigview} {k} 10
wv_list_context_menu {Custom WaveView} {} {sigview}  205 203
wv_select_window {Custom WaveView} 
wv_list_context_menu {Custom WaveView} {} {sigview}  205 203
wv_select_window {Custom WaveView} 
wv_sig_filter_focus_out
wv_select_combox_item {Custom WaveView} {} {SignalType} "Param" 3
wv_select_tab {Custom WaveView} {} {RBMenu} {Bar.File}
wv_press_tool_button {Custom WaveView} {} {OpenWaveform0} 
wv_select_dialog {FileDialog} 
wv_select_list_item {FileDialog} {} {FileList} {nand4.mt0} 5
wv_dclick_list_item {FileDialog} {} {FileList} {nand4.mt0} 5
wv_select_tree_item {Custom WaveView} {} {hierview} {D0:nand4.mt0(1)} {0} {+sep=@}
wv_expand_tree_item {Custom WaveView} {} {hierview} {D0:nand4.mt0(1)} {+sep=@}
wv_select_tree_item {Custom WaveView} {} {hierview} {D0:nand4.mt0(1)@measure(0)} {0} {+sep=@}
wv_select_list_item {Custom WaveView} {} {sigview} {delayn1} 0
wv_dclick_list_item {Custom WaveView} {} {sigview} {delayn1} 0
wv_select_window {Custom WaveView} 
wv_select_waveview 1 {waveview 1}
wv_select_panel WV1.PANEL2:1 7.29479 6.99281e-10
wv_drag_item_to WV1 563 377
wv_zoom WV1.PANEL2:1 7.29479 6.99281e-10 14.7405 1.41812e-10
wv_select_waveview 1 {waveview 1}
wv_select_panel WV1.PANEL2:1 13.065 3.45566e-10
wv_select_waveview 1 {waveview 1}
wv_select_panel WV1.PANEL2:1 11.3594 3.72308e-10
wv_select_waveview 1 {waveview 1}
wv_select_wv_item WV1.PANEL2:1.LEGEND
wv_drag_item_to WV1 21 431
wv_drag_enter WV1
wv_drag_to WV1 24 419
wv_drag_to WV1 35 292
wv_drag_to WV1 38 279
wv_drop_on WV1
wv_drag_item_to WV1 24 419
wv_select_waveview 1 {waveview 1}
wv_select_panel WV1.PANEL1:1 8.44014 3.52271e-10
wv_drag_item_to WV1 302 367
wv_select_waveview 1 {waveview 1}
wv_select_panel WV1.PANEL1:1 8.5123 3.21085e-10
wv_drag_item_to WV1 318 391
wv_zoom WV1.PANEL1:1 8.5123 3.21085e-10 9.95552 1.5965e-10
wv_select_waveview 1 {waveview 1}
wv_select_panel WV1.PANEL1:1 9.06094 2.49057e-10
wv_select_waveview 1 {waveview 1}
wv_select_panel WV1.PANEL1:1 8.98083 2.62436e-10
wv_press_key "f" 750 419
wv_select_waveview 1 {waveview 1}
wv_select_panel WV1.PANEL1:1 8.98083 2.62436e-10
wv_select_waveview 1 {waveview 1}
wv_waveview_context_menu WV1.PANEL1:1 8.98083 2.62733e-10
wv_select_menu_item {Custom WaveView} {} {AxisZoom.Full UnZoom} 
wv_select_waveview 1 {waveview 1}
wv_select_panel WV1.PANEL1:1 0.536628 8.40245e-10
wv_select_waveview 1 {waveview 1}
wv_select_wv_item WV1.PANEL1:1.LINE1
wv_drag_item_to WV1 36 34
wv_select_line WV1.PANEL1:1.LINE1
wv_drag_enter WV1
wv_drag_to WV1 36 34
wv_drag_to WV1 57 564
wv_drag_leave WV1
wv_drag_enter WV1
wv_drag_to WV1 51 597
wv_drop_on WV1
wv_drag_item_to WV1 36 34
wv_select_waveview 1 {waveview 1}
wv_select_wv_item WV1.PANEL2:1.YAXIS1
wv_select_waveview 1 {waveview 1}
wv_select_wv_item WV1.PANEL2:1.LEGEND
wv_drag_item_to WV1 48 521
wv_drag_enter WV1
wv_drag_to WV1 48 515
wv_drag_to WV1 32 286
wv_drop_on WV1
wv_drag_item_to WV1 48 515
wv_select_waveview 1 {waveview 1}
wv_select_panel WV1.PANEL1:1 3.62224 -3.61897e-12
wv_select_panel WV1.PANEL1:1 3.62224 -3.61897e-12 btnup
wv_select_waveview 1 {waveview 1}
wv_select_panel WV1.PANEL1:1 10.1456 3.30257e-10
wv_select_waveview 1 {waveview 1}
wv_waveview_context_menu WV1.PANEL1:1 16.5684 4.53168e-10
wv_select_waveview 1 {waveview 1}
wv_select_wv_item WV1.PANEL1:1.YAXIS1
wv_select_waveview 1 {waveview 1}
wv_waveview_context_menu WV1.PANEL1:1.YAXIS1
wv_select_waveview 1 {waveview 1}
wv_select_menu_item {Custom WaveView} {waveview 1:1} {YAxisPopMenu.Log Scale} 
wv_select_waveview 1 {waveview 1}
wv_waveview_context_menu WV1.PANEL1:1.YAXIS1
wv_select_waveview 1 {waveview 1}
wv_select_menu_item {Custom WaveView} {waveview 1:1} {YAxisPopMenu.Linear Scale} 
wv_select_waveview 1 {waveview 1}
wv_waveview_context_menu WV1.PANEL1:1 0.0335393 4.01802e-10
wv_select_waveview 1 {waveview 1}
wv_waveview_context_menu WV1.PANEL1:1.YAXIS1
wv_select_waveview 1 {waveview 1}
wv_select_menu_item {Custom WaveView} {waveview 1:1} {YAxisPopMenu.H-Grid On/Off} 
wv_select_waveview 1 {waveview 1}
wv_waveview_context_menu WV1.PANEL1:1.YAXIS1
wv_select_waveview 1 {waveview 1}
wv_select_menu_item {Custom WaveView} {waveview 1:1} {YAxisPopMenu.H-Grid On/Off} 
wv_select_waveview 1 {waveview 1}
wv_waveview_context_menu WV1.TAB
wv_select_waveview 1 {waveview 1}
wv_waveview_context_menu WV1.PANEL1:1.LEGEND
wv_select_waveview 1 {waveview 1}
wv_waveview_context_menu WV1.PANEL1:1.LEGEND
wv_close_window {Custom WaveView} 
wv_select_dialog {Confirmation} 
wv_close_dialog {Confirmation} 
wv_select_window {Custom WaveView} 
wv_press_tool_button {Custom WaveView} {} {WaveformAttribute0} 
wv_select_dialog {WaveformAttributes} 
wv_close_dialog {WaveformAttributes} 
wv_select_window {Custom WaveView} 
wv_close_window {Custom WaveView} 
wv_select_dialog {Confirmation} 
#wv_press_button {Confirmation} {} {Ok} 
